<?xml version="1.0" encoding="UTF-8"?>
<coverage generated="1738313978849" clover="3.2.0">
  <project timestamp="1738313978850" name="All files">
    <metrics statements="24" coveredstatements="24" conditionals="6" coveredconditionals="6" methods="7" coveredmethods="7" elements="37" coveredelements="37" complexity="0" loc="24" ncloc="24" packages="1" files="1" classes="1"/>
    <file name="classes.js" path="C:\Users\79806\Desktop\classes\src\classes.js">
      <metrics statements="24" coveredstatements="24" conditionals="6" coveredconditionals="6" methods="7" coveredmethods="7"/>
      <line num="3" count="10" type="cond" truecount="6" falsecount="0"/>
      <line num="4" count="7" type="stmt"/>
      <line num="5" count="7" type="stmt"/>
      <line num="6" count="7" type="stmt"/>
      <line num="7" count="7" type="stmt"/>
      <line num="9" count="3" type="stmt"/>
      <line num="17" count="1" type="stmt"/>
      <line num="18" count="1" type="stmt"/>
      <line num="19" count="1" type="stmt"/>
      <line num="24" count="1" type="stmt"/>
      <line num="25" count="1" type="stmt"/>
      <line num="26" count="1" type="stmt"/>
      <line num="32" count="1" type="stmt"/>
      <line num="33" count="1" type="stmt"/>
      <line num="34" count="1" type="stmt"/>
      <line num="40" count="1" type="stmt"/>
      <line num="41" count="1" type="stmt"/>
      <line num="42" count="1" type="stmt"/>
      <line num="48" count="1" type="stmt"/>
      <line num="49" count="1" type="stmt"/>
      <line num="50" count="1" type="stmt"/>
      <line num="56" count="1" type="stmt"/>
      <line num="57" count="1" type="stmt"/>
      <line num="58" count="1" type="stmt"/>
    </file>
  </project>
</coverage>
