TN:
SF:src\classes.js
FN:2,(anonymous_0)
FN:16,(anonymous_1)
FN:23,(anonymous_2)
FN:31,(anonymous_3)
FN:39,(anonymous_4)
FN:47,(anonymous_5)
FN:55,(anonymous_6)
FNF:7
FNH:7
FNDA:10,(anonymous_0)
FNDA:1,(anonymous_1)
FNDA:1,(anonymous_2)
FNDA:1,(anonymous_3)
FNDA:1,(anonymous_4)
FNDA:1,(anonymous_5)
FNDA:1,(anonymous_6)
DA:3,10
DA:4,7
DA:5,7
DA:6,7
DA:7,7
DA:9,3
DA:17,1
DA:18,1
DA:19,1
DA:24,1
DA:25,1
DA:26,1
DA:32,1
DA:33,1
DA:34,1
DA:40,1
DA:41,1
DA:42,1
DA:48,1
DA:49,1
DA:50,1
DA:56,1
DA:57,1
DA:58,1
LF:24
LH:24
BRDA:3,0,0,7
BRDA:3,0,1,3
BRDA:3,1,0,10
BRDA:3,1,1,10
BRDA:3,1,2,9
BRDA:3,1,3,8
BRF:6
BRH:6
end_of_record
